CoastalNorth/size_change_inst/run10/CoastNorth/CoastNorth.bestlhoods:NCurrent$	NAncestral$	Time$	RescaleN$	MaxEstLhood	MaxObsLhood
CoastalNorth/size_change_inst/run10/CoastNorth/CoastNorth.bestlhoods:397134	9128605	110	22.9862346	-121596.793	-120768.603
CoastalNorth/size_change_inst/run11/CoastNorth/CoastNorth.bestlhoods:NCurrent$	NAncestral$	Time$	RescaleN$	MaxEstLhood	MaxObsLhood
CoastalNorth/size_change_inst/run11/CoastNorth/CoastNorth.bestlhoods:479991	9164320	110	19.0927074	-121598.173	-120768.603
CoastalNorth/size_change_inst/run12/CoastNorth/CoastNorth.bestlhoods:NCurrent$	NAncestral$	Time$	RescaleN$	MaxEstLhood	MaxObsLhood
CoastalNorth/size_change_inst/run12/CoastNorth/CoastNorth.bestlhoods:412826	9122081	113	22.0966917	-121598.495	-120768.603
CoastalNorth/size_change_inst/run13/CoastNorth/CoastNorth.bestlhoods:NCurrent$	NAncestral$	Time$	RescaleN$	MaxEstLhood	MaxObsLhood
CoastalNorth/size_change_inst/run13/CoastNorth/CoastNorth.bestlhoods:415769	9168287	109	22.0514144	-121595.556	-120768.603
CoastalNorth/size_change_inst/run14/CoastNorth/CoastNorth.bestlhoods:NCurrent$	NAncestral$	Time$	RescaleN$	MaxEstLhood	MaxObsLhood
CoastalNorth/size_change_inst/run14/CoastNorth/CoastNorth.bestlhoods:438021	9142865	113	20.8730987	-121597.363	-120768.603
CoastalNorth/size_change_inst/run15/CoastNorth/CoastNorth.bestlhoods:NCurrent$	NAncestral$	Time$	RescaleN$	MaxEstLhood	MaxObsLhood
CoastalNorth/size_change_inst/run15/CoastNorth/CoastNorth.bestlhoods:411563	9201454	115	22.3573285	-121598.712	-120768.603
CoastalNorth/size_change_inst/run1/CoastNorth/CoastNorth.bestlhoods:NCurrent$	NAncestral$	Time$	RescaleN$	MaxEstLhood	MaxObsLhood
CoastalNorth/size_change_inst/run1/CoastNorth/CoastNorth.bestlhoods:470547	9106496	106	19.3529923	-121598.455	-120768.603
CoastalNorth/size_change_inst/run2/CoastNorth/CoastNorth.bestlhoods:NCurrent$	NAncestral$	Time$	RescaleN$	MaxEstLhood	MaxObsLhood
CoastalNorth/size_change_inst/run2/CoastNorth/CoastNorth.bestlhoods:388816	9196997	122	23.6538499	-121597.035	-120768.603
CoastalNorth/size_change_inst/run3/CoastNorth/CoastNorth.bestlhoods:NCurrent$	NAncestral$	Time$	RescaleN$	MaxEstLhood	MaxObsLhood
CoastalNorth/size_change_inst/run3/CoastNorth/CoastNorth.bestlhoods:436428	9199885	123	21.0799362	-121598.214	-120768.603
CoastalNorth/size_change_inst/run4/CoastNorth/CoastNorth.bestlhoods:NCurrent$	NAncestral$	Time$	RescaleN$	MaxEstLhood	MaxObsLhood
CoastalNorth/size_change_inst/run4/CoastNorth/CoastNorth.bestlhoods:456210	9044039	112	19.8243038	-121599.875	-120768.603
CoastalNorth/size_change_inst/run5/CoastNorth/CoastNorth.bestlhoods:NCurrent$	NAncestral$	Time$	RescaleN$	MaxEstLhood	MaxObsLhood
CoastalNorth/size_change_inst/run5/CoastNorth/CoastNorth.bestlhoods:403013	9153701	117	22.7131454	-121599.510	-120768.603
CoastalNorth/size_change_inst/run6/CoastNorth/CoastNorth.bestlhoods:NCurrent$	NAncestral$	Time$	RescaleN$	MaxEstLhood	MaxObsLhood
CoastalNorth/size_change_inst/run6/CoastNorth/CoastNorth.bestlhoods:413355	9117679	110	22.0577403	-121598.870	-120768.603
CoastalNorth/size_change_inst/run7/CoastNorth/CoastNorth.bestlhoods:NCurrent$	NAncestral$	Time$	RescaleN$	MaxEstLhood	MaxObsLhood
CoastalNorth/size_change_inst/run7/CoastNorth/CoastNorth.bestlhoods:459184	9091096	152	19.7983675	-121597.631	-120768.603
CoastalNorth/size_change_inst/run8/CoastNorth/CoastNorth.bestlhoods:NCurrent$	NAncestral$	Time$	RescaleN$	MaxEstLhood	MaxObsLhood
CoastalNorth/size_change_inst/run8/CoastNorth/CoastNorth.bestlhoods:353544	9103886	104	25.7503764	-121600.254	-120768.603
CoastalNorth/size_change_inst/run9/CoastNorth/CoastNorth.bestlhoods:NCurrent$	NAncestral$	Time$	RescaleN$	MaxEstLhood	MaxObsLhood
CoastalNorth/size_change_inst/run9/CoastNorth/CoastNorth.bestlhoods:453500	9097629	127	20.0609358	-121598.674	-120768.603
CoastalSouth/size_change_inst/run10/CoastSouth/CoastSouth.bestlhoods:NCurrent$	NAncestral$	Time$	RescaleN$	MaxEstLhood	MaxObsLhood
CoastalSouth/size_change_inst/run10/CoastSouth/CoastSouth.bestlhoods:465548	9846697	106	21.1507554	-143204.177	-141677.966
CoastalSouth/size_change_inst/run11/CoastSouth/CoastSouth.bestlhoods:NCurrent$	NAncestral$	Time$	RescaleN$	MaxEstLhood	MaxObsLhood
CoastalSouth/size_change_inst/run11/CoastSouth/CoastSouth.bestlhoods:448363	9871812	103	22.0174434	-143180.385	-141677.966
CoastalSouth/size_change_inst/run12/CoastSouth/CoastSouth.bestlhoods:NCurrent$	NAncestral$	Time$	RescaleN$	MaxEstLhood	MaxObsLhood
CoastalSouth/size_change_inst/run12/CoastSouth/CoastSouth.bestlhoods:485663	9877388	115	20.3379487	-143183.339	-141677.966
CoastalSouth/size_change_inst/run13/CoastSouth/CoastSouth.bestlhoods:NCurrent$	NAncestral$	Time$	RescaleN$	MaxEstLhood	MaxObsLhood
CoastalSouth/size_change_inst/run13/CoastSouth/CoastSouth.bestlhoods:444212	9822654	105	22.1125320	-143209.274	-141677.966
CoastalSouth/size_change_inst/run14/CoastSouth/CoastSouth.bestlhoods:NCurrent$	NAncestral$	Time$	RescaleN$	MaxEstLhood	MaxObsLhood
CoastalSouth/size_change_inst/run14/CoastSouth/CoastSouth.bestlhoods:436437	9899343	105	22.6822048	-143175.200	-141677.966
CoastalSouth/size_change_inst/run15/CoastSouth/CoastSouth.bestlhoods:NCurrent$	NAncestral$	Time$	RescaleN$	MaxEstLhood	MaxObsLhood
CoastalSouth/size_change_inst/run15/CoastSouth/CoastSouth.bestlhoods:444072	9808946	120	22.0886643	-143222.581	-141677.966
CoastalSouth/size_change_inst/run1/CoastSouth/CoastSouth.bestlhoods:NCurrent$	NAncestral$	Time$	RescaleN$	MaxEstLhood	MaxObsLhood
CoastalSouth/size_change_inst/run1/CoastSouth/CoastSouth.bestlhoods:475212	9842795	103	20.7124472	-143203.084	-141677.966
CoastalSouth/size_change_inst/run2/CoastSouth/CoastSouth.bestlhoods:NCurrent$	NAncestral$	Time$	RescaleN$	MaxEstLhood	MaxObsLhood
CoastalSouth/size_change_inst/run2/CoastSouth/CoastSouth.bestlhoods:472158	9815546	108	20.7886963	-143215.573	-141677.966
CoastalSouth/size_change_inst/run3/CoastSouth/CoastSouth.bestlhoods:NCurrent$	NAncestral$	Time$	RescaleN$	MaxEstLhood	MaxObsLhood
CoastalSouth/size_change_inst/run3/CoastSouth/CoastSouth.bestlhoods:456950	9824579	107	21.5003337	-143208.910	-141677.966
CoastalSouth/size_change_inst/run4/CoastSouth/CoastSouth.bestlhoods:NCurrent$	NAncestral$	Time$	RescaleN$	MaxEstLhood	MaxObsLhood
CoastalSouth/size_change_inst/run4/CoastSouth/CoastSouth.bestlhoods:450778	9821030	124	21.7868395	-143215.334	-141677.966
CoastalSouth/size_change_inst/run5/CoastSouth/CoastSouth.bestlhoods:NCurrent$	NAncestral$	Time$	RescaleN$	MaxEstLhood	MaxObsLhood
CoastalSouth/size_change_inst/run5/CoastSouth/CoastSouth.bestlhoods:477328	9871219	115	20.6801443	-143185.955	-141677.966
CoastalSouth/size_change_inst/run6/CoastSouth/CoastSouth.bestlhoods:NCurrent$	NAncestral$	Time$	RescaleN$	MaxEstLhood	MaxObsLhood
CoastalSouth/size_change_inst/run6/CoastSouth/CoastSouth.bestlhoods:486289	9892755	115	20.3433591	-143175.356	-141677.966
CoastalSouth/size_change_inst/run7/CoastSouth/CoastSouth.bestlhoods:NCurrent$	NAncestral$	Time$	RescaleN$	MaxEstLhood	MaxObsLhood
CoastalSouth/size_change_inst/run7/CoastSouth/CoastSouth.bestlhoods:487837	9838081	122	20.1667403	-143205.913	-141677.966
CoastalSouth/size_change_inst/run8/CoastSouth/CoastSouth.bestlhoods:NCurrent$	NAncestral$	Time$	RescaleN$	MaxEstLhood	MaxObsLhood
CoastalSouth/size_change_inst/run8/CoastSouth/CoastSouth.bestlhoods:437696	9844061	114	22.4906141	-143200.946	-141677.966
CoastalSouth/size_change_inst/run9/CoastSouth/CoastSouth.bestlhoods:NCurrent$	NAncestral$	Time$	RescaleN$	MaxEstLhood	MaxObsLhood
CoastalSouth/size_change_inst/run9/CoastSouth/CoastSouth.bestlhoods:430532	9810147	105	22.7861203	-143219.592	-141677.966
West1/size_change_inst/run10/West/West.bestlhoods:NCurrent$	NAncestral$	Time$	RescaleN$	MaxEstLhood	MaxObsLhood
West1/size_change_inst/run10/West/West.bestlhoods:93595	8184469	91384	87.4454874	-37096.180	-35584.516
West1/size_change_inst/run11/West/West.bestlhoods:NCurrent$	NAncestral$	Time$	RescaleN$	MaxEstLhood	MaxObsLhood
West1/size_change_inst/run11/West/West.bestlhoods:79144	2508872	114	31.7002811	-35638.042	-35584.516
West1/size_change_inst/run12/West/West.bestlhoods:NCurrent$	NAncestral$	Time$	RescaleN$	MaxEstLhood	MaxObsLhood
West1/size_change_inst/run12/West/West.bestlhoods:91681	2457331	126	26.8030256	-35639.680	-35584.516
West1/size_change_inst/run13/West/West.bestlhoods:NCurrent$	NAncestral$	Time$	RescaleN$	MaxEstLhood	MaxObsLhood
West1/size_change_inst/run13/West/West.bestlhoods:81249	2498051	173	30.7454432	-35637.574	-35584.516
West1/size_change_inst/run14/West/West.bestlhoods:NCurrent$	NAncestral$	Time$	RescaleN$	MaxEstLhood	MaxObsLhood
West1/size_change_inst/run14/West/West.bestlhoods:86351	2502119	242	28.9760810	-35640.379	-35584.516
West1/size_change_inst/run15/West/West.bestlhoods:NCurrent$	NAncestral$	Time$	RescaleN$	MaxEstLhood	MaxObsLhood
West1/size_change_inst/run15/West/West.bestlhoods:95420	2721662	802	28.5229574	-35665.266	-35584.516
West1/size_change_inst/run1/West/West.bestlhoods:NCurrent$	NAncestral$	Time$	RescaleN$	MaxEstLhood	MaxObsLhood
West1/size_change_inst/run1/West/West.bestlhoods:91926	2496023	137	27.1525006	-35639.343	-35584.516
West1/size_change_inst/run2/West/West.bestlhoods:NCurrent$	NAncestral$	Time$	RescaleN$	MaxEstLhood	MaxObsLhood
West1/size_change_inst/run2/West/West.bestlhoods:55030	2516674	109	45.7327048	-35637.463	-35584.516
West1/size_change_inst/run3/West/West.bestlhoods:NCurrent$	NAncestral$	Time$	RescaleN$	MaxEstLhood	MaxObsLhood
West1/size_change_inst/run3/West/West.bestlhoods:80152	6790814	57295	84.7239680	-37071.646	-35584.516
West1/size_change_inst/run4/West/West.bestlhoods:NCurrent$	NAncestral$	Time$	RescaleN$	MaxEstLhood	MaxObsLhood
West1/size_change_inst/run4/West/West.bestlhoods:82903	2529726	242	30.5142777	-35638.322	-35584.516
West1/size_change_inst/run5/West/West.bestlhoods:NCurrent$	NAncestral$	Time$	RescaleN$	MaxEstLhood	MaxObsLhood
West1/size_change_inst/run5/West/West.bestlhoods:79301	2474333	185	31.2017038	-35638.185	-35584.516
West1/size_change_inst/run6/West/West.bestlhoods:NCurrent$	NAncestral$	Time$	RescaleN$	MaxEstLhood	MaxObsLhood
West1/size_change_inst/run6/West/West.bestlhoods:83907	2479760	144	29.5537468	-35638.136	-35584.516
West1/size_change_inst/run7/West/West.bestlhoods:NCurrent$	NAncestral$	Time$	RescaleN$	MaxEstLhood	MaxObsLhood
West1/size_change_inst/run7/West/West.bestlhoods:98307	5714310	45880	58.1272747	-36965.454	-35584.516
West1/size_change_inst/run8/West/West.bestlhoods:NCurrent$	NAncestral$	Time$	RescaleN$	MaxEstLhood	MaxObsLhood
West1/size_change_inst/run8/West/West.bestlhoods:67563	2502087	114	37.0333218	-35638.371	-35584.516
West1/size_change_inst/run9/West/West.bestlhoods:NCurrent$	NAncestral$	Time$	RescaleN$	MaxEstLhood	MaxObsLhood
West1/size_change_inst/run9/West/West.bestlhoods:79718	2501570	133	31.3802238	-35638.042	-35584.516
West2/size_change_inst/run10/West/West.bestlhoods:NCurrent$	NAncestral$	Time$	RescaleN$	MaxEstLhood	MaxObsLhood
West2/size_change_inst/run10/West/West.bestlhoods:237778	5153764	7671	21.6746953	-59335.144	-59313.867
West2/size_change_inst/run11/West/West.bestlhoods:NCurrent$	NAncestral$	Time$	RescaleN$	MaxEstLhood	MaxObsLhood
West2/size_change_inst/run11/West/West.bestlhoods:238036	5123027	7033	21.5220648	-59335.573	-59313.867
West2/size_change_inst/run12/West/West.bestlhoods:NCurrent$	NAncestral$	Time$	RescaleN$	MaxEstLhood	MaxObsLhood
West2/size_change_inst/run12/West/West.bestlhoods:189297	5157301	5749	27.2444210	-59335.393	-59313.867
West2/size_change_inst/run13/West/West.bestlhoods:NCurrent$	NAncestral$	Time$	RescaleN$	MaxEstLhood	MaxObsLhood
West2/size_change_inst/run13/West/West.bestlhoods:246427	5090445	6799	20.6569736	-59335.896	-59313.867
West2/size_change_inst/run14/West/West.bestlhoods:NCurrent$	NAncestral$	Time$	RescaleN$	MaxEstLhood	MaxObsLhood
West2/size_change_inst/run14/West/West.bestlhoods:280342	5159843	8261	18.4055352	-59334.768	-59313.867
West2/size_change_inst/run15/West/West.bestlhoods:NCurrent$	NAncestral$	Time$	RescaleN$	MaxEstLhood	MaxObsLhood
West2/size_change_inst/run15/West/West.bestlhoods:214127	5135824	6247	23.9849767	-59336.003	-59313.867
West2/size_change_inst/run1/West/West.bestlhoods:NCurrent$	NAncestral$	Time$	RescaleN$	MaxEstLhood	MaxObsLhood
West2/size_change_inst/run1/West/West.bestlhoods:245062	5103143	6944	20.8238847	-59334.961	-59313.867
West2/size_change_inst/run2/West/West.bestlhoods:NCurrent$	NAncestral$	Time$	RescaleN$	MaxEstLhood	MaxObsLhood
West2/size_change_inst/run2/West/West.bestlhoods:288732	5153719	8480	17.8495103	-59335.031	-59313.867
West2/size_change_inst/run3/West/West.bestlhoods:NCurrent$	NAncestral$	Time$	RescaleN$	MaxEstLhood	MaxObsLhood
West2/size_change_inst/run3/West/West.bestlhoods:220575	5140727	6551	23.3060289	-59335.942	-59313.867
West2/size_change_inst/run4/West/West.bestlhoods:NCurrent$	NAncestral$	Time$	RescaleN$	MaxEstLhood	MaxObsLhood
West2/size_change_inst/run4/West/West.bestlhoods:242517	5142997	7167	21.2067189	-59335.511	-59313.867
West2/size_change_inst/run5/West/West.bestlhoods:NCurrent$	NAncestral$	Time$	RescaleN$	MaxEstLhood	MaxObsLhood
West2/size_change_inst/run5/West/West.bestlhoods:234971	5148171	6905	21.9098488	-59334.737	-59313.867
West2/size_change_inst/run6/West/West.bestlhoods:NCurrent$	NAncestral$	Time$	RescaleN$	MaxEstLhood	MaxObsLhood
West2/size_change_inst/run6/West/West.bestlhoods:232579	5140058	6851	22.1003043	-59335.381	-59313.867
West2/size_change_inst/run7/West/West.bestlhoods:NCurrent$	NAncestral$	Time$	RescaleN$	MaxEstLhood	MaxObsLhood
West2/size_change_inst/run7/West/West.bestlhoods:246960	5153141	6528	20.8662962	-59335.611	-59313.867
West2/size_change_inst/run8/West/West.bestlhoods:NCurrent$	NAncestral$	Time$	RescaleN$	MaxEstLhood	MaxObsLhood
West2/size_change_inst/run8/West/West.bestlhoods:290708	5161282	8882	17.7542025	-59335.343	-59313.867
West2/size_change_inst/run9/West/West.bestlhoods:NCurrent$	NAncestral$	Time$	RescaleN$	MaxEstLhood	MaxObsLhood
West2/size_change_inst/run9/West/West.bestlhoods:227882	5100582	6018	22.3825797	-59334.902	-59313.867
West_total/size_change_inst/run10/West/West.bestlhoods:NCurrent$	NAncestral$	Time$	RescaleN$	MaxEstLhood	MaxObsLhood
West_total/size_change_inst/run10/West/West.bestlhoods:213792	5420190	5458	25.3525949	-80513.126	-80020.223
West_total/size_change_inst/run11/West/West.bestlhoods:NCurrent$	NAncestral$	Time$	RescaleN$	MaxEstLhood	MaxObsLhood
West_total/size_change_inst/run11/West/West.bestlhoods:264501	5672449	9598	21.4458310	-80514.838	-80020.223
West_total/size_change_inst/run12/West/West.bestlhoods:NCurrent$	NAncestral$	Time$	RescaleN$	MaxEstLhood	MaxObsLhood
West_total/size_change_inst/run12/West/West.bestlhoods:244304	5561721	7919	22.7655925	-80514.104	-80020.223
West_total/size_change_inst/run13/West/West.bestlhoods:NCurrent$	NAncestral$	Time$	RescaleN$	MaxEstLhood	MaxObsLhood
West_total/size_change_inst/run13/West/West.bestlhoods:267967	5569238	8085	20.7832715	-80512.412	-80020.223
West_total/size_change_inst/run14/West/West.bestlhoods:NCurrent$	NAncestral$	Time$	RescaleN$	MaxEstLhood	MaxObsLhood
West_total/size_change_inst/run14/West/West.bestlhoods:244514	5550368	8820	22.6995768	-80515.154	-80020.223
West_total/size_change_inst/run15/West/West.bestlhoods:NCurrent$	NAncestral$	Time$	RescaleN$	MaxEstLhood	MaxObsLhood
West_total/size_change_inst/run15/West/West.bestlhoods:261808	5635866	9839	21.5266749	-80512.014	-80020.223
West_total/size_change_inst/run1/West/West.bestlhoods:NCurrent$	NAncestral$	Time$	RescaleN$	MaxEstLhood	MaxObsLhood
West_total/size_change_inst/run1/West/West.bestlhoods:272102	5584588	8490	20.5238526	-80511.441	-80020.223
West_total/size_change_inst/run2/West/West.bestlhoods:NCurrent$	NAncestral$	Time$	RescaleN$	MaxEstLhood	MaxObsLhood
West_total/size_change_inst/run2/West/West.bestlhoods:282821	5708569	9692	20.1843720	-80513.970	-80020.223
West_total/size_change_inst/run3/West/West.bestlhoods:NCurrent$	NAncestral$	Time$	RescaleN$	MaxEstLhood	MaxObsLhood
West_total/size_change_inst/run3/West/West.bestlhoods:279643	5698100	10157	20.3763223	-80510.377	-80020.223
West_total/size_change_inst/run4/West/West.bestlhoods:NCurrent$	NAncestral$	Time$	RescaleN$	MaxEstLhood	MaxObsLhood
West_total/size_change_inst/run4/West/West.bestlhoods:206974	5593873	6856	27.0269880	-80512.486	-80020.223
West_total/size_change_inst/run5/West/West.bestlhoods:NCurrent$	NAncestral$	Time$	RescaleN$	MaxEstLhood	MaxObsLhood
West_total/size_change_inst/run5/West/West.bestlhoods:283979	5712792	10771	20.1169200	-80512.747	-80020.223
West_total/size_change_inst/run6/West/West.bestlhoods:NCurrent$	NAncestral$	Time$	RescaleN$	MaxEstLhood	MaxObsLhood
West_total/size_change_inst/run6/West/West.bestlhoods:249013	5557994	8126	22.3200726	-80512.142	-80020.223
West_total/size_change_inst/run7/West/West.bestlhoods:NCurrent$	NAncestral$	Time$	RescaleN$	MaxEstLhood	MaxObsLhood
West_total/size_change_inst/run7/West/West.bestlhoods:214655	5613311	7017	26.1504197	-80511.750	-80020.223
West_total/size_change_inst/run8/West/West.bestlhoods:NCurrent$	NAncestral$	Time$	RescaleN$	MaxEstLhood	MaxObsLhood
West_total/size_change_inst/run8/West/West.bestlhoods:282611	5718176	10765	20.2333568	-80509.921	-80020.223
West_total/size_change_inst/run9/West/West.bestlhoods:NCurrent$	NAncestral$	Time$	RescaleN$	MaxEstLhood	MaxObsLhood
West_total/size_change_inst/run9/West/West.bestlhoods:205094	5722922	7216	27.9038585	-80515.641	-80020.223
